<?xml version="1.0" encoding="UTF-8"?>
<!-- Generated by org.testng.reporters.JUnitReportReporter -->
<testsuite hostname="Shivani-PC" failures="0" tests="1" name="nav10.randomadd" time="27.055" errors="0" timestamp="2025-07-08T14:38:52 EDT" skipped="0">
  <testcase classname="nav10.randomadd" name="guestCheckoutFlow" time="27.055"/>
  <system-out/>
</testsuite> <!-- nav10.randomadd -->
