<?xml version="1.0" encoding="UTF-8"?>
<!-- Generated by org.testng.reporters.JUnitReportReporter -->
<testsuite hostname="Shivani-PC" failures="0" tests="1" name="nav10.Addtocartsuite" time="35.300" errors="0" timestamp="2025-06-18T16:06:00 EDT" skipped="0">
  <testcase classname="nav10.Addtocartsuite" name="placeOrderTest" time="35.300"/>
  <system-out/>
</testsuite> <!-- nav10.Addtocartsuite -->
