<?xml version="1.0" encoding="UTF-8"?>
<!-- Generated by org.testng.reporters.JUnitReportReporter -->
<testsuite hostname="Shivani-PC" failures="0" tests="2" name="nav10.LoginReportTest" time="18.737" errors="0" timestamp="2025-06-17T11:03:18 EDT" skipped="0">
  <testcase classname="nav10.LoginReportTest" name="testCase1" time="16.328"/>
  <system-out/>
  <testcase classname="nav10.LoginReportTest" name="testCase2" time="2.409"/>
  <system-out/>
</testsuite> <!-- nav10.LoginReportTest -->
