<?xml version="1.0" encoding="UTF-8"?>
<!-- Generated by org.testng.reporters.JUnitReportReporter -->
<testsuite hostname="Shivani-PC" failures="0" tests="1" name="nav10.Guestcheckout" time="28.445" errors="0" timestamp="2025-06-27T12:02:18 EDT" skipped="0">
  <testcase classname="nav10.Guestcheckout" name="guestCheckoutFlow" time="28.445"/>
  <system-out/>
</testsuite> <!-- nav10.Guestcheckout -->
